SET IRMethod, name = index
BB 1
	outgoing: 6 2 
	datadep: 
	instructions:
BB 2
	outgoing: 3 4 
	datadep: 
	instructions:
		 0: 
		 1: 
		 2: 
		 3: 
		 4: 
		 5: 
		 6: 
		 7: %self[2.0,] %v_3[2.6,] 
		 8: 
		 9: 
		 10: %self[2.0,] %v_4[2.9,] 
		 11: 
		 12: (Message) 
		 13: %v_5->new %v_5[2.12,] 
		 14: %self[2.0,] %v_6[2.13,] 
		 15: 
		 16: %self[2.0,] 
		 17: 
		 18: %self[2.0,] 
		 19: %v_7->undeleted_received_messages %v_7[2.18,] 
		 20: %self[2.0,] %v_8[2.19,] 
		 21: 
		 22: %self->params %self[2.0,] 
		 23: %v_9[2.22,] 
		 24: BRANCH %v_10[2.23,] 
BB 3
	outgoing: 6 
	datadep: 2 2 
	instructions:
		 0: 
		 1: %self[2.0,] @new_message[2.14 ] 
		 2: %self->params %self[2.0,] 
		 3: %v_12[3.2,] 
		 4: %v_13[3.3,] %v_11[3.1,] 
		 5: RETURN %v_13[3.3,] 
BB 4
	outgoing: 6 
	datadep: 
	instructions:
		 0: RETURN 
BB 6
	outgoing: 
	datadep: 
	instructions:

SET IRMethod, name = sent
BB 1
	outgoing: 3 2 
	datadep: 
	instructions:
BB 2
	outgoing: 3 
	datadep: 
	instructions:
		 0: 
		 1: 
		 2: 
		 3: 
		 4: 
		 5: 
		 6: 
		 7: %self[2.0,] %v_3[2.6,] 
		 8: 
		 9: 
		 10: %self[2.0,] %v_4[2.9,] 
		 11: 
		 12: %self[2.0,] 
		 13: 
		 14: %self[2.0,] 
		 15: %v_5->undeleted_sent_messages %v_5[2.14,] 
		 16: %self[2.0,] %v_6[2.15,] 
		 17: 
		 18: (Message) 
		 19: %v_7->new %v_7[2.18,] 
		 20: %self[2.0,] %v_8[2.19,] 
		 21: 
		 22: 
		 23: %v_9[2.22,] 
		 24: %self->render %self[2.0,] %v_10[2.23,] 
		 25: RETURN %v_11[2.24,] 
BB 3
	outgoing: 
	datadep: 
	instructions:

SET IRMethod, name = create
BB 1
	outgoing: 6 2 
	datadep: 
	instructions:
BB 2
	outgoing: 3 4 
	datadep: 
	instructions:
		 0: 
		 1: 
		 2: 
		 3: 
		 4: 
		 5: 
		 6: 
		 7: %self[2.0,] %v_3[2.6,] 
		 8: 
		 9: 
		 10: %self[2.0,] %v_4[2.9,] 
		 11: 
		 12: (Message) 
		 13: %self->message_params %self[2.0,] 
		 14: %v_5->new %v_5[2.12,] %v_6[2.13,] 
		 15: %self[2.0,] %v_7[2.14,] 
		 16: 
		 17: @new_message[2.15 ] 
		 18: %self[2.0,] 
		 19: %v_9->id %v_9[2.18,] 
		 20: %v_8[2.17,] %v_10[2.19,] 
		 21: 
		 22: %self[2.0,] 
		 23: 
		 24: @user[2.18 ] 
		 25: %v_11->undeleted_received_messages %v_11[2.24,] 
		 26: %self[2.0,] %v_12[2.25,] 
		 27: 
		 28: @new_message[2.15 2.17 ] 
		 29: %v_13->save %v_13[2.28,] 
		 30: BRANCH %v_14[2.29,] 
BB 3
	outgoing: 6 
	datadep: 2 2 2 
	instructions:
		 0: 
		 1: %self->flash %self[2.0,] 
		 2: 
		 3: %self[2.0,] @new_message[2.15 2.17 2.28 ] 
		 4: %v_17->recipient %v_17[3.3,] 
		 5: %v_18->username %v_18[3.4,] 
		 6: %v_19->to_s %v_19[3.5,] 
		 7: %v_16[3.2,] %v_20[3.6,] 
		 8: 
		 9: %v_21[3.7,] %v_22[3.8,] 
		 10: %v_15[3.1,] %v_23[3.9,] 
		 11: 
		 12: 
		 13: %self->redirect_to %v_24[3.12,] %self[2.0,] 
		 14: RETURN %v_25[3.13,] 
BB 4
	outgoing: 6 
	datadep: 2 
	instructions:
		 0: 
		 1: 
		 2: %v_27[4.1,] 
		 3: %self->render %self[2.0,] %v_28[4.2,] 
		 4: RETURN %v_29[4.3,] 
BB 6
	outgoing: 
	datadep: 
	instructions:

SET IRMethod, name = show
BB 1
	outgoing: 12 2 
	datadep: 
	instructions:
BB 2
	outgoing: 3 4 
	datadep: 
	instructions:
		 0: 
		 1: 
		 2: 
		 3: 
		 4: 
		 5: 
		 6: 
		 7: %self[2.0,] %v_3[2.6,] 
		 8: 
		 9: %self[2.0,] 
		 10: %v_4->subject %v_4[2.9,] 
		 11: %self[2.0,] %v_5[2.10,] 
		 12: 
		 13: (Message) 
		 14: %v_6->new %v_6[2.13,] 
		 15: %self[2.0,] %v_7[2.14,] 
		 16: 
		 17: @new_message[2.15 ] 
		 18: @message[2.9 ] 
		 19: %v_9->author_user_id %v_9[2.18,] 
		 20: %self[2.0,] 
		 21: %v_11->id %v_11[2.20,] 
		 22: %v_10[2.19,] %v_12[2.21,] 
		 23: BRANCH %v_13[2.22,] 
BB 3
	outgoing: 5 
	datadep: 2 
	instructions:
		 0: %self[2.0,] @message[2.9 2.18 ] 
		 1: %v_14->recipient %v_14[3.0,] 
		 2: %v_15->username %v_15[3.1,] 
		 3: 
BB 4
	outgoing: 5 
	datadep: 2 
	instructions:
		 0: %self[2.0,] @message[2.9 2.18 ] 
		 1: %v_17->author %v_17[4.0,] 
		 2: %v_18->username %v_18[4.1,] 
		 3: %v_19[4.2,] 
BB 5
	outgoing: 6 7 
	datadep: 4 3 2 2 2 2 2 2 
	instructions:
		 0: %v_16[4.3,3.2,] %v_8[2.17,2.17,] 
		 1: 
		 2: %self[2.0,2.0,] @message[4.0 3.0 ] 
		 3: %v_20->recipient_user_id %v_20[5.2,] 
		 4: %self[2.0,2.0,] @user[2.20 2.20 ] 
		 5: %v_22->id %v_22[5.4,] 
		 6: %v_21[5.3,] %v_23[5.5,] 
		 7: BRANCH %v_24[5.6,] 
BB 6
	outgoing: 8 
	datadep: 2 2 
	instructions:
		 0: 
		 1: %self[2.0,2.0,] @message[5.2 ] 
		 2: %v_25[6.1,] 
		 3: 
		 4: @message[6.1 ] 
		 5: %v_26->save %v_26[6.4,] 
		 6: 
BB 7
	outgoing: 8 
	datadep: 
	instructions:
		 0: 
BB 8
	outgoing: 9 10 
	datadep: 2 2 2 2 
	instructions:
		 0: 
		 1: %self[2.0,2.0,2.0,2.0,] @message[6.1 6.4 5.2 ] 
		 2: %v_28->subject %v_28[8.1,] 
		 3: 
		 4: %v_29->match %v_29[8.2,] 
		 5: BRANCH %v_31[8.4,] 
BB 9
	outgoing: 12 
	datadep: 2 2 2 2 2 2 2 2 
	instructions:
		 0: 
		 1: %self[2.0,2.0,2.0,2.0,] @new_message[2.15 2.17 2.15 2.17 2.15 2.17 2.15 2.17 ] 
		 2: %self[2.0,2.0,2.0,2.0,] @message[8.1 ] 
		 3: %v_33->subject %v_33[9.2,] 
		 4: %v_32[9.1,] %v_34[9.3,] 
		 5: RETURN %v_34[9.3,] 
BB 10
	outgoing: 12 
	datadep: 2 2 2 2 2 2 2 2 
	instructions:
		 0: 
		 1: %self[2.0,2.0,2.0,2.0,] @new_message[2.15 2.17 2.15 2.17 2.15 2.17 2.15 2.17 ] 
		 2: 
		 3: %self[2.0,2.0,2.0,2.0,] @message[8.1 ] 
		 4: %v_37->subject %v_37[10.3,] 
		 5: %v_36[10.2,] %v_38[10.4,] 
		 6: %v_35[10.1,] %v_39[10.5,] 
		 7: RETURN %v_39[10.5,] 
BB 12
	outgoing: 
	datadep: 
	instructions:

SET IRMethod, name = destroy
BB 1
	outgoing: 12 2 
	datadep: 
	instructions:
BB 2
	outgoing: 3 4 
	datadep: 
	instructions:
		 0: 
		 1: 
		 2: 
		 3: 
		 4: 
		 5: 
		 6: %self[2.0,] 
		 7: %v_3->author_user_id %v_3[2.6,] 
		 8: %self[2.0,] 
		 9: %v_5->id %v_5[2.8,] 
		 10: %v_4[2.7,] %v_6[2.9,] 
		 11: BRANCH %v_7[2.10,] 
BB 3
	outgoing: 5 
	datadep: 2 
	instructions:
		 0: 
		 1: %self[2.0,] @message[2.6 ] 
		 2: %v_8[3.1,] 
		 3: 
		 4: 
BB 4
	outgoing: 5 
	datadep: 
	instructions:
		 0: 
BB 5
	outgoing: 6 7 
	datadep: 2 2 2 2 
	instructions:
		 0: 
		 1: %self[2.0,2.0,] @message[3.1 2.6 ] 
		 2: %v_10->recipient_user_id %v_10[5.1,] 
		 3: %self[2.0,2.0,] @user[2.8 2.8 ] 
		 4: %v_12->id %v_12[5.3,] 
		 5: %v_13[5.4,] %v_11[5.2,] 
		 6: BRANCH %v_14[5.5,] 
BB 6
	outgoing: 8 
	datadep: 2 2 
	instructions:
		 0: 
		 1: %self[2.0,2.0,] @message[5.1 ] 
		 2: %v_15[6.1,] 
		 3: 
		 4: 
BB 7
	outgoing: 8 
	datadep: 
	instructions:
		 0: 
BB 8
	outgoing: 9 10 
	datadep: 2 2 2 2 2 2 2 2 2 2 2 2 
	instructions:
		 0: 
		 1: %self[2.0,2.0,2.0,2.0,] @message[6.1 5.1 ] 
		 2: %v_17->save! %v_17[8.1,] 
		 3: 
		 4: %self->flash %self[2.0,2.0,2.0,2.0,] 
		 5: 
		 6: %v_19[8.4,] %v_20[8.5,] 
		 7: 
		 8: @message[8.1 ] 
		 9: %v_21->author_user_id %v_21[8.8,] 
		 10: %self[2.0,2.0,2.0,2.0,] @user[5.3 5.3 ] 
		 11: %v_23->id %v_23[8.10,] 
		 12: %v_24[8.11,] %v_22[8.9,] 
		 13: BRANCH %v_25[8.12,] 
BB 9
	outgoing: 12 
	datadep: 2 2 2 2 
	instructions:
		 0: 
		 1: 
		 2: %self->redirect_to %self[2.0,2.0,2.0,2.0,] %v_26[9.1,] 
		 3: RETURN %v_27[9.2,] 
BB 10
	outgoing: 12 
	datadep: 2 2 2 2 
	instructions:
		 0: 
		 1: 
		 2: %self->redirect_to %self[2.0,2.0,2.0,2.0,] %v_29[10.1,] 
		 3: RETURN %v_30[10.2,] 
BB 12
	outgoing: 
	datadep: 
	instructions:

SET IRMethod, name = batch_delete
BB 1
	outgoing: 7 2 
	datadep: 
	instructions:
BB 2
	outgoing: 3 4 
	datadep: 
	instructions:
		 0: 
		 1: 
		 2: 
		 3: 
		 4: 
		 5: 
		 6: 
		 7: 
		 8: %self->params %self[2.0,] 
		 9: %v_3->each %self[2.0,] %v_3[2.8,] 
CLOSURE BEGIN
BB 1
	outgoing: 23 2 
	datadep: 
	instructions:
BB 2
	outgoing: 3 
	datadep: 
	instructions:
		 0: 
		 1: 
		 2: 
		 3: 
		 4: 
		 5: 
BB 3
	outgoing: 4 5 21 
	datadep: 2 
	instructions:
		 0: 
		 1: v->to_s v[2.3,] 
		 2: 
		 3: %cl_1_3[3.1,] %cl_1_4[3.2,] 
		 4: BRANCH %cl_1_5[3.3,] 
BB 4
	outgoing: 5 21 
	datadep: 2 
	instructions:
		 0: 
		 1: k->match k[2.2,] 
		 2: %cl_1_7[4.1,] 
		 3: %cl_1_7[4.1,] 
BB 5
	outgoing: 6 19 
	datadep: 4 3 
	instructions:
		 0: BRANCH %cl_1_5[4.3,3.3,] 
BB 6
	outgoing: 7 17 21 
	datadep: 4 
	instructions:
		 0: 
		 1: (Message) 
		 2: m[4.2,] 
		 3: %cl_1_9[6.2,] 
		 4: %cl_1_8->where %cl_1_10[6.3,] %cl_1_8[6.1,] 
		 5: %cl_1_11->first %cl_1_11[6.4,] 
		 6: %cl_1_12[6.5,] 
		 7: BRANCH %cl_1_12[6.5,] 
BB 7
	outgoing: 8 9 21 
	datadep: 6 2 2 
	instructions:
		 0: 
		 1: 
		 2: 
		 3: message->author_user_id message[6.6,] 
		 4: %self[2.0,2.0,] 
		 5: %cl_1_14->id %cl_1_14[7.4,] 
		 6: %cl_1_15[7.5,] %cl_1_13[7.3,] 
		 7: BRANCH %cl_1_16[7.6,] 
BB 8
	outgoing: 10 21 
	datadep: 6 
	instructions:
		 0: 
		 1: message[6.6,] 
		 2: 
		 3: 
		 4: 
		 5: 
BB 9
	outgoing: 10 
	datadep: 
	instructions:
		 0: 
BB 10
	outgoing: 11 12 21 
	datadep: 8 6 2 2 2 
	instructions:
		 0: 
		 1: message->recipient_user_id message[8.1,6.6,] 
		 2: %self[2.0,2.0,2.0,] @user[7.4 7.4 ] 
		 3: %cl_1_19->id %cl_1_19[10.2,] 
		 4: %cl_1_18[10.1,] %cl_1_20[10.3,] 
		 5: BRANCH %cl_1_21[10.4,] 
BB 11
	outgoing: 13 21 
	datadep: 8 6 
	instructions:
		 0: 
		 1: message[8.1,6.6,] 
		 2: 
		 3: 
		 4: 
		 5: 
BB 12
	outgoing: 13 
	datadep: 
	instructions:
		 0: 
BB 13
	outgoing: 14 15 
	datadep: 11 8 7 
	instructions:
		 0: 
		 1: BRANCH ok[11.3,8.3,7.1,] 
BB 14
	outgoing: 16 21 
	datadep: 11 8 6 
	instructions:
		 0: 
		 1: message->save! message[11.1,8.1,6.6,] 
		 2: 
		 3: 
		 4: %cl_1_24[14.3,] 
		 5: 
BB 15
	outgoing: 16 
	datadep: 
	instructions:
		 0: 
BB 16
	outgoing: 18 
	datadep: 
	instructions:
		 0: 
BB 17
	outgoing: 18 
	datadep: 
	instructions:
		 0: 
BB 18
	outgoing: 23 
	datadep: 17 15 14 
	instructions:
		 0: RETURN %cl_1_24[17.0,15.0,14.3,] 
BB 19
	outgoing: 23 
	datadep: 
	instructions:
		 0: RETURN 
BB 21
	outgoing: 23 
	datadep: 
	instructions:
		 0: 
		 1: %cl_1_25[21.0,] 
		 2: RETURN %cl_1_26[21.1,] 
BB 23
	outgoing: 
	datadep: 
	instructions:
CLOSURE END
		 10: 
		 11: %self->flash %self[2.0,] 
		 12: 
		 13: 
		 14: deleted[2.6,] 
		 15: BRANCH %v_8[2.14,] 
BB 3
	outgoing: 5 
	datadep: 
	instructions:
		 0: 
		 1: 
BB 4
	outgoing: 5 
	datadep: 
	instructions:
		 0: 
		 1: %v_10[4.0,] 
BB 5
	outgoing: 7 
	datadep: 2 2 4 3 2 2 2 2 2 2 2 2 2 2 
	instructions:
		 0: 
		 1: deleted[2.6,2.6,] %v_9[4.1,3.0,] %v_6[2.12,2.12,] %v_7[2.13,2.13,] %v_11[5.0,] 
		 2: %v_5[2.11,2.11,] %v_12[5.1,] 
		 3: 
		 4: %self[2.0,2.0,] 
		 5: %v_13->update_unread_message_count! %v_13[5.4,] 
		 6: 
		 7: 
		 8: %self->redirect_to %self[2.0,2.0,] %v_15[5.7,] 
		 9: RETURN %v_16[5.8,] 
BB 7
	outgoing: 
	datadep: 
	instructions:

SET IRMethod, name = keep_as_new
BB 1
	outgoing: 4 2 
	datadep: 
	instructions:
BB 2
	outgoing: 4 
	datadep: 
	instructions:
		 0: 
		 1: 
		 2: 
		 3: 
		 4: 
		 5: 
		 6: %self[2.0,] 
		 7: %v_3[2.6,] 
		 8: 
		 9: @message[2.6 ] 
		 10: %v_4->save %v_4[2.9,] 
		 11: 
		 12: 
		 13: %self->redirect_to %self[2.0,] %v_6[2.12,] 
		 14: RETURN %v_7[2.13,] 
BB 4
	outgoing: 
	datadep: 
	instructions:

SET IRMethod, name = message_params
BB 1
	outgoing: 3 2 
	datadep: 
	instructions:
BB 2
	outgoing: 3 
	datadep: 
	instructions:
		 0: 
		 1: 
		 2: 
		 3: 
		 4: 
		 5: 
		 6: %self->params %self[2.0,] 
		 7: %v_3->require %v_3[2.6,] 
		 8: %v_4->permit %v_4[2.7,] 
		 9: RETURN %v_5[2.8,] 
BB 3
	outgoing: 
	datadep: 
	instructions:

SET IRMethod, name = find_message
BB 1
	outgoing: 14 2 
	datadep: 
	instructions:
BB 2
	outgoing: 3 4 
	datadep: 
	instructions:
		 0: 
		 1: 
		 2: 
		 3: 
		 4: 
		 5: 
		 6: (Message) 
		 7: %self->params %self[2.0,] 
		 8: %v_4[2.7,] 
		 9: BRANCH %v_5[2.8,] 
BB 3
	outgoing: 4 
	datadep: 2 
	instructions:
		 0: %self->params %self[2.0,] 
		 1: %v_6[3.0,] 
		 2: %v_7[3.1,] 
BB 4
	outgoing: 5 11 
	datadep: 3 2 2 2 2 2 
	instructions:
		 0: %v_5[3.2,2.8,] 
		 1: %v_3->where %v_3[2.6,2.6,] %v_8[4.0,] 
		 2: %v_9->first %v_9[4.1,] 
		 3: %self[2.0,2.0,] %v_10[4.2,] 
		 4: BRANCH %v_10[4.2,] 
BB 5
	outgoing: 6 7 
	datadep: 2 2 2 2 
	instructions:
		 0: 
		 1: %self[2.0,2.0,] @message[4.3 ] 
		 2: %v_11->author_user_id %v_11[5.1,] 
		 3: %self[2.0,2.0,] 
		 4: %v_13->id %v_13[5.3,] 
		 5: %v_14[5.4,] %v_12[5.2,] 
		 6: BRANCH %v_15[5.5,] 
BB 6
	outgoing: 7 
	datadep: 2 2 2 2 
	instructions:
		 0: %self[2.0,2.0,] @message[5.1 ] 
		 1: %v_16->recipient_user_id %v_16[6.0,] 
		 2: %self[2.0,2.0,] @user[5.3 ] 
		 3: %v_18->id %v_18[6.2,] 
		 4: %v_17[6.1,] %v_19[6.3,] 
		 5: %v_20[6.4,] 
BB 7
	outgoing: 8 9 
	datadep: 6 5 
	instructions:
		 0: BRANCH %v_15[6.5,5.5,] 
BB 8
	outgoing: 14 
	datadep: 
	instructions:
		 0: 
		 1: RETURN 
BB 9
	outgoing: 12 
	datadep: 
	instructions:
		 0: 
		 1: 
BB 11
	outgoing: 12 
	datadep: 
	instructions:
		 0: 
BB 12
	outgoing: 14 
	datadep: 2 2 2 2 
	instructions:
		 0: 
		 1: %self->flash %self[2.0,2.0,] 
		 2: 
		 3: %v_22[12.1,] %v_23[12.2,] 
		 4: 
		 5: 
		 6: %self->redirect_to %v_24[12.5,] %self[2.0,2.0,] 
		 7: 
		 8: RETURN 
BB 14
	outgoing: 
	datadep: 
	instructions:

